Warning[2074] C:\Studentlab2\L02_816008425\code_lab2_6.c 97 : location PRODH specified in the interrupt save list is redundant
Warning[2074] C:\Studentlab2\L02_816008425\code_lab2_6.c 97 : location PRODL specified in the interrupt save list is redundant
Warning[2074] C:\Studentlab2\L02_816008425\code_lab2_6.c 97 : location TABLAT specified in the interrupt save list is redundant
Warning[2074] C:\Studentlab2\L02_816008425\code_lab2_6.c 97 : location .tmpdata specified in the interrupt save list is redundant
Warning[2058] C:\Studentlab2\L02_816008425\code_lab2_6.c 88 : call of function without prototype
Warning[2058] C:\Studentlab2\L02_816008425\code_lab2_6.c 94 : call of function without prototype
Warning[2058] C:\Studentlab2\L02_816008425\code_lab2_6.c 104 : call of function without prototype
Warning[2054] C:\Studentlab2\L02_816008425\code_lab2_6.c 108 : suspicious pointer conversion
Warning[2054] C:\Studentlab2\L02_816008425\code_lab2_6.c 163 : suspicious pointer conversion
Warning[2066] C:\Studentlab2\L02_816008425\code_lab2_6.c 164 : type qualifier mismatch in assignment
Warning[2066] C:\Studentlab2\L02_816008425\code_lab2_6.c 165 : type qualifier mismatch in assignment
Warning[2066] C:\Studentlab2\L02_816008425\code_lab2_6.c 172 : type qualifier mismatch in assignment
Warning[2066] C:\Studentlab2\L02_816008425\code_lab2_6.c 176 : type qualifier mismatch in assignment
Warning[2066] C:\Studentlab2\L02_816008425\code_lab2_6.c 180 : type qualifier mismatch in assignment
Warning[2066] C:\Studentlab2\L02_816008425\code_lab2_6.c 184 : type qualifier mismatch in assignment
Warning[2054] C:\Studentlab2\L02_816008425\code_lab2_6.c 192 : suspicious pointer conversion
Warning[2066] C:\Studentlab2\L02_816008425\code_lab2_6.c 193 : type qualifier mismatch in assignment
Warning[2066] C:\Studentlab2\L02_816008425\code_lab2_6.c 194 : type qualifier mismatch in assignment
Warning[2066] C:\Studentlab2\L02_816008425\code_lab2_6.c 201 : type qualifier mismatch in assignment
Warning[2066] C:\Studentlab2\L02_816008425\code_lab2_6.c 205 : type qualifier mismatch in assignment
Warning[2066] C:\Studentlab2\L02_816008425\code_lab2_6.c 209 : type qualifier mismatch in assignment
Warning[2066] C:\Studentlab2\L02_816008425\code_lab2_6.c 213 : type qualifier mismatch in assignment
Warning[2054] C:\Studentlab2\L02_816008425\code_lab2_6.c 218 : suspicious pointer conversion
Warning[2066] C:\Studentlab2\L02_816008425\code_lab2_6.c 219 : type qualifier mismatch in assignment
Warning[2066] C:\Studentlab2\L02_816008425\code_lab2_6.c 220 : type qualifier mismatch in assignment
Warning[2066] C:\Studentlab2\L02_816008425\code_lab2_6.c 227 : type qualifier mismatch in assignment
Warning[2066] C:\Studentlab2\L02_816008425\code_lab2_6.c 231 : type qualifier mismatch in assignment
Warning[2066] C:\Studentlab2\L02_816008425\code_lab2_6.c 235 : type qualifier mismatch in assignment
Warning[2066] C:\Studentlab2\L02_816008425\code_lab2_6.c 239 : type qualifier mismatch in assignment
Warning[2054] C:\Studentlab2\L02_816008425\code_lab2_6.c 245 : suspicious pointer conversion
Warning[2066] C:\Studentlab2\L02_816008425\code_lab2_6.c 246 : type qualifier mismatch in assignment
Warning[2066] C:\Studentlab2\L02_816008425\code_lab2_6.c 253 : type qualifier mismatch in assignment
Warning[2066] C:\Studentlab2\L02_816008425\code_lab2_6.c 257 : type qualifier mismatch in assignment
Warning[2066] C:\Studentlab2\L02_816008425\code_lab2_6.c 261 : type qualifier mismatch in assignment
Warning[2066] C:\Studentlab2\L02_816008425\code_lab2_6.c 265 : type qualifier mismatch in assignment
Warning[2054] C:\Studentlab2\L02_816008425\code_lab2_6.c 281 : suspicious pointer conversion
Warning[2066] C:\Studentlab2\L02_816008425\code_lab2_6.c 282 : type qualifier mismatch in assignment
Warning[2066] C:\Studentlab2\L02_816008425\code_lab2_6.c 303 : type qualifier mismatch in assignment
Warning[2066] C:\Studentlab2\L02_816008425\code_lab2_6.c 304 : type qualifier mismatch in assignment
Warning[2054] C:\Studentlab2\L02_816008425\code_lab2_6.c 318 : suspicious pointer conversion
